2023-04-22 11:02:56,152 [INFO] from mts.fintech.creditservice.CreditServiceApplication in main - Starting CreditServiceApplication using Java 20.0.1 with PID 17380 (C:\Users\danil\OneDrive\Рабочий стол\CreditService\target\classes started by danil in C:\Users\danil\OneDrive\Рабочий стол\CreditService)
2023-04-22 11:02:56,155 [INFO] from mts.fintech.creditservice.CreditServiceApplication in main - No active profile set, falling back to 1 default profile: "default"
2023-04-22 11:02:57,591 [INFO] from org.springframework.boot.web.embedded.tomcat.TomcatWebServer in main - Tomcat initialized with port(s): 8080 (http)
2023-04-22 11:02:57,601 [INFO] from org.apache.coyote.http11.Http11NioProtocol in main - Initializing ProtocolHandler ["http-nio-8080"]
2023-04-22 11:02:57,602 [INFO] from org.apache.catalina.core.StandardService in main - Starting service [Tomcat]
2023-04-22 11:02:57,602 [INFO] from org.apache.catalina.core.StandardEngine in main - Starting Servlet engine: [Apache Tomcat/10.1.8]
2023-04-22 11:02:57,702 [INFO] from org.apache.catalina.core.ContainerBase.[Tomcat].[localhost].[/] in main - Initializing Spring embedded WebApplicationContext
2023-04-22 11:02:57,702 [INFO] from org.springframework.boot.web.servlet.context.ServletWebServerApplicationContext in main - Root WebApplicationContext: initialization completed in 1387 ms
2023-04-22 11:02:58,297 [INFO] from org.apache.coyote.http11.Http11NioProtocol in main - Starting ProtocolHandler ["http-nio-8080"]
2023-04-22 11:02:58,331 [INFO] from org.springframework.boot.web.embedded.tomcat.TomcatWebServer in main - Tomcat started on port(s): 8080 (http) with context path ''
2023-04-22 11:02:58,341 [INFO] from mts.fintech.creditservice.CreditServiceApplication in main - Started CreditServiceApplication in 2.858 seconds (process running for 4.234)
2023-04-22 11:03:02,225 [INFO] from org.apache.catalina.core.ContainerBase.[Tomcat].[localhost].[/] in http-nio-8080-exec-3 - Initializing Spring DispatcherServlet 'dispatcherServlet'
2023-04-22 11:03:02,226 [INFO] from org.springframework.web.servlet.DispatcherServlet in http-nio-8080-exec-3 - Initializing Servlet 'dispatcherServlet'
2023-04-22 11:03:02,232 [INFO] from org.springframework.web.servlet.DispatcherServlet in http-nio-8080-exec-3 - Completed initialization in 6 ms
2023-04-22 11:03:02,271 [INFO] from mts.fintech.creditservice.TestController in http-nio-8080-exec-3 - An INFO Message
2023-04-22 11:03:02,272 [WARN] from mts.fintech.creditservice.TestController in http-nio-8080-exec-3 - A WARN Message
2023-04-22 11:03:02,272 [ERROR] from mts.fintech.creditservice.TestController in http-nio-8080-exec-3 - An ERROR Message
2023-04-22 11:03:43,772 [INFO] from mts.fintech.creditservice.CreditServiceApplication in main - Starting CreditServiceApplication using Java 20.0.1 with PID 15732 (C:\Users\danil\OneDrive\Рабочий стол\CreditService\target\classes started by danil in C:\Users\danil\OneDrive\Рабочий стол\CreditService)
2023-04-22 11:03:43,775 [INFO] from mts.fintech.creditservice.CreditServiceApplication in main - No active profile set, falling back to 1 default profile: "default"
2023-04-22 11:03:44,923 [INFO] from org.springframework.boot.web.embedded.tomcat.TomcatWebServer in main - Tomcat initialized with port(s): 8080 (http)
2023-04-22 11:03:44,933 [INFO] from org.apache.coyote.http11.Http11NioProtocol in main - Initializing ProtocolHandler ["http-nio-8080"]
2023-04-22 11:03:44,933 [INFO] from org.apache.catalina.core.StandardService in main - Starting service [Tomcat]
2023-04-22 11:03:44,933 [INFO] from org.apache.catalina.core.StandardEngine in main - Starting Servlet engine: [Apache Tomcat/10.1.8]
2023-04-22 11:03:45,033 [INFO] from org.apache.catalina.core.ContainerBase.[Tomcat].[localhost].[/] in main - Initializing Spring embedded WebApplicationContext
2023-04-22 11:03:45,033 [INFO] from org.springframework.boot.web.servlet.context.ServletWebServerApplicationContext in main - Root WebApplicationContext: initialization completed in 1180 ms
2023-04-22 11:03:45,398 [INFO] from org.apache.coyote.http11.Http11NioProtocol in main - Starting ProtocolHandler ["http-nio-8080"]
2023-04-22 11:03:45,418 [INFO] from org.springframework.boot.web.embedded.tomcat.TomcatWebServer in main - Tomcat started on port(s): 8080 (http) with context path ''
2023-04-22 11:03:45,426 [INFO] from mts.fintech.creditservice.CreditServiceApplication in main - Started CreditServiceApplication in 2.134 seconds (process running for 3.239)
2023-04-22 11:03:49,556 [INFO] from org.apache.catalina.core.ContainerBase.[Tomcat].[localhost].[/] in http-nio-8080-exec-2 - Initializing Spring DispatcherServlet 'dispatcherServlet'
2023-04-22 11:03:49,557 [INFO] from org.springframework.web.servlet.DispatcherServlet in http-nio-8080-exec-2 - Initializing Servlet 'dispatcherServlet'
2023-04-22 11:03:49,557 [INFO] from org.springframework.web.servlet.DispatcherServlet in http-nio-8080-exec-2 - Completed initialization in 0 ms
2023-04-22 11:03:49,589 [INFO] from mts.fintech.creditservice.TestController in http-nio-8080-exec-2 - An INFO Message
2023-04-22 11:03:49,589 [WARN] from mts.fintech.creditservice.TestController in http-nio-8080-exec-2 - A WARN Message
2023-04-22 11:03:49,589 [ERROR] from mts.fintech.creditservice.TestController in http-nio-8080-exec-2 - An ERROR Message
